<?xml version="1.0" encoding="UTF-8"?>
<!-- Generated by org.testng.reporters.JUnitXMLReporter -->
<testsuite ignored="0" hostname="Abhishek" failures="0" tests="3" name="Test" time="31.084" errors="0" timestamp="2024-01-10T00:04:18 IST">
  <testcase classname="testcases.RegisterTestCases" name="verifyRegisterationWithBlankData" time="5.384"/>
  <testcase classname="testcases.RegisterTestCases" name="verifyRegisterationWithInValidData" time="5.211"/>
  <testcase classname="testcases.LoginTestCases" name="invalidLoginTest" time="4.835"/>
</testsuite> <!-- Test -->
