<?xml version="1.0" encoding="UTF-8"?>
<!-- Generated by org.testng.reporters.JUnitXMLReporter -->
<testsuite ignored="0" hostname="Abhishek" failures="0" tests="3" name="Test" time="22.54" errors="0" timestamp="2024-01-05T15:37:39 IST">
  <testcase classname="testcases.LoginTestCases" name="invalidLoginTest" time="4.206"/>
  <testcase classname="testcases.RegisterTestCases" name="verifyRegisterationWithInValidData" time="3.289"/>
  <testcase classname="testcases.RegisterTestCases" name="verifyRegisterationWithValidData" time="4.076"/>
</testsuite> <!-- Test -->
